<?xml version="1.0" encoding="UTF-8"?>
<testng-results ignored="0" total="1" passed="1" failed="0" skipped="0">
  <reporter-output>
  </reporter-output>
  <suite started-at="2023-05-27T16:06:11Z" name="Default suite" finished-at="2023-05-27T16:07:08Z" duration-ms="57631">
    <groups>
    </groups>
    <test started-at="2023-05-27T16:06:11Z" name="Default test" finished-at="2023-05-27T16:07:08Z" duration-ms="57631">
      <class name="frame.handling">
        <test-method signature="frame()[pri:0, instance:frame.handling@7674f035]" started-at="2023-05-27T16:06:11Z" name="frame" finished-at="2023-05-27T16:07:08Z" duration-ms="57536" status="PASS">
          <reporter-output>
          </reporter-output>
        </test-method> <!-- frame -->
      </class> <!-- frame.handling -->
    </test> <!-- Default test -->
  </suite> <!-- Default suite -->
</testng-results>
