<?xml version="1.0" encoding="UTF-8"?>
<testng-results ignored="0" total="1" passed="1" failed="0" skipped="0">
  <reporter-output>
  </reporter-output>
  <suite started-at="2023-05-16T09:13:22Z" name="Suite" finished-at="2023-05-16T09:16:33Z" duration-ms="190840">
    <groups>
    </groups>
    <test started-at="2023-05-16T09:13:22Z" name="Test" finished-at="2023-05-16T09:16:33Z" duration-ms="190840">
      <class name="demoblaze.basics">
        <test-method signature="comp(java.lang.String)[pri:0, instance:demoblaze.basics@17f62e33]" started-at="2023-05-16T09:13:22Z" name="comp" finished-at="2023-05-16T09:16:33Z" duration-ms="190740" status="PASS">
          <params>
            <param index="0">
              <value>
                <![CDATA[https://www.demoblaze.com/]]>
              </value>
            </param>
          </params>
          <reporter-output>
          </reporter-output>
        </test-method> <!-- comp -->
      </class> <!-- demoblaze.basics -->
    </test> <!-- Test -->
  </suite> <!-- Suite -->
</testng-results>
